============================================================
AI Contactless ATM Simulator
============================================================

Checking dependencies...

[OK] OpenCV 4.9.0 - OK
WARNING:tensorflow:From C:\Users\renjy\Documents\OMUCT\G2\PG1\ATM-simulator\.venv\lib\site-packages\keras\src\losses.py:2976: The name tf.losses.sparse_softmax_cross_entropy is deprecated. Please use tf.compat.v1.losses.sparse_softmax_cross_entropy instead.

[OK] TensorFlow 2.15.0 - OK
[OK] Pillow - OK
[OK] PyYAML - OK

Dependency Check: All OK [OK]

pygame 2.5.2 (SDL 2.28.3, Python 3.10.11)
Hello from the pygame community. https://www.pygame.org/contribute.html
Initializing modules...
モデルのロード完了。クラスラベル: ['left', 'center', 'right', 'free']
Starting camera...
カメラを開始しました。
アプリケーションを起動しています...

State Transition: FaceAlignmentState -> MenuState
State Transition: MenuState -> CreateAccountNameInputState
State Transition: CreateAccountNameInputState -> MenuState
State Transition: MenuState -> WithdrawAccountInputState
State Transition: WithdrawAccountInputState -> MenuState
State Transition: MenuState -> TransferTargetInputState
State Transition: TransferTargetInputState -> MenuState
Exiting application...
カメラリソースを解放しました。
Exit complete
